<?xml version="1.0" encoding="UTF-8"?>
<!-- Generated by org.testng.reporters.JUnitXMLReporter -->
<testsuite ignored="0" hostname="LAPTOP-PLNO5R2G" failures="0" tests="14" name="DemoBlaze Batch Tests" time="101.443" errors="0" timestamp="2023-10-18T17:16:41 PDT">
  <testcase classname="com.qa.demoblaze.testcases.DemoBlaze_Landing_Test" name="CurrentUrlAndActualTitle" time="0.024"/>
  <testcase classname="com.qa.demoblaze.testcases.DemoBlaze_Landing_Test" name="PresenceOfProductStoreBanner" time="0.078"/>
  <testcase classname="com.qa.demoblaze.testcases.DemoBlaze_LogIn_Test" name="loginWithValidCredentials" time="6.445"/>
  <testcase classname="com.qa.demoblaze.testcases.DemoBlaze_LogIn_Test" name="loginWithValidCredentials" time="6.434"/>
  <testcase classname="com.qa.demoblaze.testcases.DemoBlaze_LogIn_Test" name="loginWithValidCredentials" time="6.414"/>
  <testcase classname="com.qa.demoblaze.testcases.DemoBlaze_LogIn_Test" name="loginWithValidCredentials" time="6.493"/>
  <testcase classname="com.qa.demoblaze.testcases.DemoBlaze_LogIn_Test" name="loginWithValidCredentials" time="6.756"/>
  <testcase classname="com.qa.demoblaze.testcases.DemoBlaze_LogIn_Test" name="loginWithInvalidCredentials" time="2.681"/>
  <testcase classname="com.qa.demoblaze.testcases.DemoBlaze_LogIn_Test" name="loginWithInvalidUsernameAndValidPasswoord" time="2.728"/>
  <testcase classname="com.qa.demoblaze.testcases.DemoBlaze_LogIn_Test" name="loginWithValidUsernameInvalidPassword" time="2.63"/>
  <testcase classname="com.qa.demoblaze.testcases.DemoBlaze_LogIn_Test" name="loginWithNoCredentials" time="2.315"/>
  <testcase classname="com.qa.demoblaze.testcases.DemoBlaze_LogOut_Test" name="logOutAndBannerDisplay" time="2.415"/>
  <testcase classname="com.qa.demoblaze.testcases.DemoBlaze_Registration_Test" name="successfullRegistration" time="2.533"/>
  <testcase classname="com.qa.demoblaze.testcases.DemoBlaze_Links_Test" name="linkTests" time="2.709"/>
</testsuite> <!-- DemoBlaze Batch Tests -->
