<?xml version="1.0" encoding="UTF-8"?>
<testng-results ignored="0" total="14" passed="14" failed="0" skipped="0">
  <reporter-output>
  </reporter-output>
  <suite started-at="2023-10-19T13:54:13 PDT" name="DemoBlaze FrameWork Hybrid Tests" finished-at="2023-10-19T13:55:35 PDT" duration-ms="82152">
    <groups>
    </groups>
    <test started-at="2023-10-19T13:54:13 PDT" name="DemoBlaze Batch Tests" finished-at="2023-10-19T13:55:35 PDT" duration-ms="82152">
      <class name="com.qa.demoblaze.testcases.DemoBlaze_Links_Test">
        <test-method is-config="true" signature="setUpAndLaunchUrl()[pri:0, instance:com.qa.demoblaze.testcases.DemoBlaze_Links_Test@5a59ca5e]" started-at="2023-10-19T13:55:32 PDT" name="setUpAndLaunchUrl" finished-at="2023-10-19T13:55:34 PDT" duration-ms="1754" status="PASS">
          <reporter-output>
          </reporter-output>
        </test-method> <!-- setUpAndLaunchUrl -->
        <test-method signature="linkTests()[pri:1, instance:com.qa.demoblaze.testcases.DemoBlaze_Links_Test@5a59ca5e]" started-at="2023-10-19T13:55:34 PDT" name="linkTests" finished-at="2023-10-19T13:55:35 PDT" duration-ms="859" status="PASS">
          <reporter-output>
          </reporter-output>
        </test-method> <!-- linkTests -->
        <test-method is-config="true" signature="tearDown()[pri:0, instance:com.qa.demoblaze.testcases.DemoBlaze_Links_Test@5a59ca5e]" started-at="2023-10-19T13:55:35 PDT" name="tearDown" finished-at="2023-10-19T13:55:35 PDT" duration-ms="137" status="PASS">
          <reporter-output>
          </reporter-output>
        </test-method> <!-- tearDown -->
      </class> <!-- com.qa.demoblaze.testcases.DemoBlaze_Links_Test -->
      <class name="com.qa.demoblaze.testcases.DemoBlaze_Registration_Test">
        <test-method is-config="true" signature="setUpAndLaunchApplication()[pri:0, instance:com.qa.demoblaze.testcases.DemoBlaze_Registration_Test@70cf32e3]" started-at="2023-10-19T13:55:26 PDT" name="setUpAndLaunchApplication" finished-at="2023-10-19T13:55:30 PDT" duration-ms="3766" status="PASS">
          <reporter-output>
          </reporter-output>
        </test-method> <!-- setUpAndLaunchApplication -->
        <test-method signature="successfullRegistration()[pri:1, instance:com.qa.demoblaze.testcases.DemoBlaze_Registration_Test@70cf32e3]" started-at="2023-10-19T13:55:30 PDT" name="successfullRegistration" finished-at="2023-10-19T13:55:32 PDT" duration-ms="2270" status="PASS">
          <reporter-output>
          </reporter-output>
        </test-method> <!-- successfullRegistration -->
        <test-method is-config="true" signature="tearDown()[pri:0, instance:com.qa.demoblaze.testcases.DemoBlaze_Registration_Test@70cf32e3]" started-at="2023-10-19T13:55:32 PDT" name="tearDown" finished-at="2023-10-19T13:55:32 PDT" duration-ms="304" status="PASS">
          <reporter-output>
          </reporter-output>
        </test-method> <!-- tearDown -->
      </class> <!-- com.qa.demoblaze.testcases.DemoBlaze_Registration_Test -->
      <class name="com.qa.demoblaze.testcases.DemoBlaze_LogOut_Test">
        <test-method is-config="true" signature="setUpAndLaunchUrl()[pri:0, instance:com.qa.demoblaze.testcases.DemoBlaze_LogOut_Test@66982506]" started-at="2023-10-19T13:55:18 PDT" name="setUpAndLaunchUrl" finished-at="2023-10-19T13:55:22 PDT" duration-ms="4010" status="PASS">
          <reporter-output>
          </reporter-output>
        </test-method> <!-- setUpAndLaunchUrl -->
        <test-method signature="logOutAndBannerDisplay()[pri:1, instance:com.qa.demoblaze.testcases.DemoBlaze_LogOut_Test@66982506]" started-at="2023-10-19T13:55:22 PDT" name="logOutAndBannerDisplay" finished-at="2023-10-19T13:55:26 PDT" duration-ms="4229" status="PASS">
          <reporter-output>
          </reporter-output>
        </test-method> <!-- logOutAndBannerDisplay -->
        <test-method is-config="true" signature="tearDown()[pri:0, instance:com.qa.demoblaze.testcases.DemoBlaze_LogOut_Test@66982506]" started-at="2023-10-19T13:55:26 PDT" name="tearDown" finished-at="2023-10-19T13:55:26 PDT" duration-ms="118" status="PASS">
          <reporter-output>
          </reporter-output>
        </test-method> <!-- tearDown -->
      </class> <!-- com.qa.demoblaze.testcases.DemoBlaze_LogOut_Test -->
      <class name="com.qa.demoblaze.testcases.DemoBlaze_Landing_Test">
        <test-method is-config="true" signature="setUpAndLaunchUrl()[pri:0, instance:com.qa.demoblaze.testcases.DemoBlaze_Landing_Test@1750fbeb]" started-at="2023-10-19T13:54:13 PDT" name="setUpAndLaunchUrl" finished-at="2023-10-19T13:54:16 PDT" duration-ms="2855" status="PASS">
          <reporter-output>
          </reporter-output>
        </test-method> <!-- setUpAndLaunchUrl -->
        <test-method signature="CurrentUrlAndActualTitle()[pri:1, instance:com.qa.demoblaze.testcases.DemoBlaze_Landing_Test@1750fbeb]" started-at="2023-10-19T13:54:16 PDT" name="CurrentUrlAndActualTitle" finished-at="2023-10-19T13:54:16 PDT" duration-ms="69" status="PASS">
          <reporter-output>
          </reporter-output>
        </test-method> <!-- CurrentUrlAndActualTitle -->
        <test-method is-config="true" signature="tearDown()[pri:0, instance:com.qa.demoblaze.testcases.DemoBlaze_Landing_Test@1750fbeb]" started-at="2023-10-19T13:54:16 PDT" name="tearDown" finished-at="2023-10-19T13:54:16 PDT" duration-ms="135" status="PASS">
          <reporter-output>
          </reporter-output>
        </test-method> <!-- tearDown -->
        <test-method is-config="true" signature="setUpAndLaunchUrl()[pri:0, instance:com.qa.demoblaze.testcases.DemoBlaze_Landing_Test@1750fbeb]" started-at="2023-10-19T13:54:16 PDT" name="setUpAndLaunchUrl" finished-at="2023-10-19T13:54:18 PDT" duration-ms="1732" status="PASS">
          <reporter-output>
          </reporter-output>
        </test-method> <!-- setUpAndLaunchUrl -->
        <test-method signature="PresenceOfProductStoreBanner()[pri:2, instance:com.qa.demoblaze.testcases.DemoBlaze_Landing_Test@1750fbeb]" started-at="2023-10-19T13:54:18 PDT" name="PresenceOfProductStoreBanner" finished-at="2023-10-19T13:54:18 PDT" duration-ms="82" status="PASS">
          <reporter-output>
          </reporter-output>
        </test-method> <!-- PresenceOfProductStoreBanner -->
        <test-method is-config="true" signature="tearDown()[pri:0, instance:com.qa.demoblaze.testcases.DemoBlaze_Landing_Test@1750fbeb]" started-at="2023-10-19T13:54:18 PDT" name="tearDown" finished-at="2023-10-19T13:54:18 PDT" duration-ms="128" status="PASS">
          <reporter-output>
          </reporter-output>
        </test-method> <!-- tearDown -->
      </class> <!-- com.qa.demoblaze.testcases.DemoBlaze_Landing_Test -->
      <class name="com.qa.demoblaze.testcases.DemoBlaze_LogIn_Test">
        <test-method is-config="true" signature="setUpAndLaunchUrl()[pri:0, instance:com.qa.demoblaze.testcases.DemoBlaze_LogIn_Test@72bc6553]" started-at="2023-10-19T13:54:19 PDT" name="setUpAndLaunchUrl" finished-at="2023-10-19T13:54:20 PDT" duration-ms="1775" status="PASS">
          <reporter-output>
          </reporter-output>
        </test-method> <!-- setUpAndLaunchUrl -->
        <test-method signature="loginWithValidCredentials(java.lang.String,java.lang.String)[pri:1, instance:com.qa.demoblaze.testcases.DemoBlaze_LogIn_Test@72bc6553]" started-at="2023-10-19T13:54:20 PDT" name="loginWithValidCredentials" data-provider="DemoBlazeCrendtialsExcelSheetWithDataProviderSupply" finished-at="2023-10-19T13:54:27 PDT" duration-ms="6463" status="PASS">
          <params>
            <param index="0">
              <value>
                <![CDATA[chowdhurygs@gmail.com]]>
              </value>
            </param>
            <param index="1">
              <value>
                <![CDATA[shajlee]]>
              </value>
            </param>
          </params>
          <reporter-output>
          </reporter-output>
        </test-method> <!-- loginWithValidCredentials -->
        <test-method is-config="true" signature="tearDown()[pri:0, instance:com.qa.demoblaze.testcases.DemoBlaze_LogIn_Test@72bc6553]" started-at="2023-10-19T13:54:27 PDT" name="tearDown" finished-at="2023-10-19T13:54:27 PDT" duration-ms="164" status="PASS">
          <reporter-output>
          </reporter-output>
        </test-method> <!-- tearDown -->
        <test-method is-config="true" signature="setUpAndLaunchUrl()[pri:0, instance:com.qa.demoblaze.testcases.DemoBlaze_LogIn_Test@72bc6553]" started-at="2023-10-19T13:54:27 PDT" name="setUpAndLaunchUrl" finished-at="2023-10-19T13:54:29 PDT" duration-ms="1773" status="PASS">
          <reporter-output>
          </reporter-output>
        </test-method> <!-- setUpAndLaunchUrl -->
        <test-method signature="loginWithValidCredentials(java.lang.String,java.lang.String)[pri:1, instance:com.qa.demoblaze.testcases.DemoBlaze_LogIn_Test@72bc6553]" started-at="2023-10-19T13:54:29 PDT" name="loginWithValidCredentials" data-provider="DemoBlazeCrendtialsExcelSheetWithDataProviderSupply" finished-at="2023-10-19T13:54:35 PDT" duration-ms="6415" status="PASS">
          <params>
            <param index="0">
              <value>
                <![CDATA[chowdhurygs@rediffmail.com]]>
              </value>
            </param>
            <param index="1">
              <value>
                <![CDATA[shajlee]]>
              </value>
            </param>
          </params>
          <reporter-output>
          </reporter-output>
        </test-method> <!-- loginWithValidCredentials -->
        <test-method is-config="true" signature="tearDown()[pri:0, instance:com.qa.demoblaze.testcases.DemoBlaze_LogIn_Test@72bc6553]" started-at="2023-10-19T13:54:35 PDT" name="tearDown" finished-at="2023-10-19T13:54:35 PDT" duration-ms="188" status="PASS">
          <reporter-output>
          </reporter-output>
        </test-method> <!-- tearDown -->
        <test-method is-config="true" signature="setUpAndLaunchUrl()[pri:0, instance:com.qa.demoblaze.testcases.DemoBlaze_LogIn_Test@72bc6553]" started-at="2023-10-19T13:54:35 PDT" name="setUpAndLaunchUrl" finished-at="2023-10-19T13:54:37 PDT" duration-ms="1767" status="PASS">
          <reporter-output>
          </reporter-output>
        </test-method> <!-- setUpAndLaunchUrl -->
        <test-method signature="loginWithValidCredentials(java.lang.String,java.lang.String)[pri:1, instance:com.qa.demoblaze.testcases.DemoBlaze_LogIn_Test@72bc6553]" started-at="2023-10-19T13:54:37 PDT" name="loginWithValidCredentials" data-provider="DemoBlazeCrendtialsExcelSheetWithDataProviderSupply" finished-at="2023-10-19T13:54:43 PDT" duration-ms="6411" status="PASS">
          <params>
            <param index="0">
              <value>
                <![CDATA[golam.chodhury@gmail.com]]>
              </value>
            </param>
            <param index="1">
              <value>
                <![CDATA[shajlee]]>
              </value>
            </param>
          </params>
          <reporter-output>
          </reporter-output>
        </test-method> <!-- loginWithValidCredentials -->
        <test-method is-config="true" signature="tearDown()[pri:0, instance:com.qa.demoblaze.testcases.DemoBlaze_LogIn_Test@72bc6553]" started-at="2023-10-19T13:54:43 PDT" name="tearDown" finished-at="2023-10-19T13:54:44 PDT" duration-ms="126" status="PASS">
          <reporter-output>
          </reporter-output>
        </test-method> <!-- tearDown -->
        <test-method is-config="true" signature="setUpAndLaunchUrl()[pri:0, instance:com.qa.demoblaze.testcases.DemoBlaze_LogIn_Test@72bc6553]" started-at="2023-10-19T13:54:44 PDT" name="setUpAndLaunchUrl" finished-at="2023-10-19T13:54:45 PDT" duration-ms="1801" status="PASS">
          <reporter-output>
          </reporter-output>
        </test-method> <!-- setUpAndLaunchUrl -->
        <test-method signature="loginWithValidCredentials(java.lang.String,java.lang.String)[pri:1, instance:com.qa.demoblaze.testcases.DemoBlaze_LogIn_Test@72bc6553]" started-at="2023-10-19T13:54:45 PDT" name="loginWithValidCredentials" data-provider="DemoBlazeCrendtialsExcelSheetWithDataProviderSupply" finished-at="2023-10-19T13:54:52 PDT" duration-ms="6445" status="PASS">
          <params>
            <param index="0">
              <value>
                <![CDATA[nawshinaniqa@gmail.com]]>
              </value>
            </param>
            <param index="1">
              <value>
                <![CDATA[shajlee]]>
              </value>
            </param>
          </params>
          <reporter-output>
          </reporter-output>
        </test-method> <!-- loginWithValidCredentials -->
        <test-method is-config="true" signature="tearDown()[pri:0, instance:com.qa.demoblaze.testcases.DemoBlaze_LogIn_Test@72bc6553]" started-at="2023-10-19T13:54:52 PDT" name="tearDown" finished-at="2023-10-19T13:54:52 PDT" duration-ms="158" status="PASS">
          <reporter-output>
          </reporter-output>
        </test-method> <!-- tearDown -->
        <test-method is-config="true" signature="setUpAndLaunchUrl()[pri:0, instance:com.qa.demoblaze.testcases.DemoBlaze_LogIn_Test@72bc6553]" started-at="2023-10-19T13:54:52 PDT" name="setUpAndLaunchUrl" finished-at="2023-10-19T13:54:54 PDT" duration-ms="1851" status="PASS">
          <reporter-output>
          </reporter-output>
        </test-method> <!-- setUpAndLaunchUrl -->
        <test-method signature="loginWithValidCredentials(java.lang.String,java.lang.String)[pri:1, instance:com.qa.demoblaze.testcases.DemoBlaze_LogIn_Test@72bc6553]" started-at="2023-10-19T13:54:54 PDT" name="loginWithValidCredentials" data-provider="DemoBlazeCrendtialsExcelSheetWithDataProviderSupply" finished-at="2023-10-19T13:55:00 PDT" duration-ms="6385" status="PASS">
          <params>
            <param index="0">
              <value>
                <![CDATA[gkcmono@yahoo.com]]>
              </value>
            </param>
            <param index="1">
              <value>
                <![CDATA[shajlee]]>
              </value>
            </param>
          </params>
          <reporter-output>
          </reporter-output>
        </test-method> <!-- loginWithValidCredentials -->
        <test-method is-config="true" signature="tearDown()[pri:0, instance:com.qa.demoblaze.testcases.DemoBlaze_LogIn_Test@72bc6553]" started-at="2023-10-19T13:55:00 PDT" name="tearDown" finished-at="2023-10-19T13:55:00 PDT" duration-ms="138" status="PASS">
          <reporter-output>
          </reporter-output>
        </test-method> <!-- tearDown -->
        <test-method is-config="true" signature="setUpAndLaunchUrl()[pri:0, instance:com.qa.demoblaze.testcases.DemoBlaze_LogIn_Test@72bc6553]" started-at="2023-10-19T13:55:00 PDT" name="setUpAndLaunchUrl" finished-at="2023-10-19T13:55:02 PDT" duration-ms="1882" status="PASS">
          <reporter-output>
          </reporter-output>
        </test-method> <!-- setUpAndLaunchUrl -->
        <test-method signature="loginWithInvalidCredentials()[pri:2, instance:com.qa.demoblaze.testcases.DemoBlaze_LogIn_Test@72bc6553]" started-at="2023-10-19T13:55:02 PDT" name="loginWithInvalidCredentials" finished-at="2023-10-19T13:55:05 PDT" duration-ms="2433" status="PASS">
          <reporter-output>
          </reporter-output>
        </test-method> <!-- loginWithInvalidCredentials -->
        <test-method is-config="true" signature="tearDown()[pri:0, instance:com.qa.demoblaze.testcases.DemoBlaze_LogIn_Test@72bc6553]" started-at="2023-10-19T13:55:05 PDT" name="tearDown" finished-at="2023-10-19T13:55:05 PDT" duration-ms="174" status="PASS">
          <reporter-output>
          </reporter-output>
        </test-method> <!-- tearDown -->
        <test-method is-config="true" signature="setUpAndLaunchUrl()[pri:0, instance:com.qa.demoblaze.testcases.DemoBlaze_LogIn_Test@72bc6553]" started-at="2023-10-19T13:55:05 PDT" name="setUpAndLaunchUrl" finished-at="2023-10-19T13:55:07 PDT" duration-ms="1713" status="PASS">
          <reporter-output>
          </reporter-output>
        </test-method> <!-- setUpAndLaunchUrl -->
        <test-method signature="loginWithInvalidUsernameAndValidPasswoord()[pri:3, instance:com.qa.demoblaze.testcases.DemoBlaze_LogIn_Test@72bc6553]" started-at="2023-10-19T13:55:07 PDT" name="loginWithInvalidUsernameAndValidPasswoord" finished-at="2023-10-19T13:55:09 PDT" duration-ms="2352" status="PASS">
          <reporter-output>
          </reporter-output>
        </test-method> <!-- loginWithInvalidUsernameAndValidPasswoord -->
        <test-method is-config="true" signature="tearDown()[pri:0, instance:com.qa.demoblaze.testcases.DemoBlaze_LogIn_Test@72bc6553]" started-at="2023-10-19T13:55:09 PDT" name="tearDown" finished-at="2023-10-19T13:55:09 PDT" duration-ms="126" status="PASS">
          <reporter-output>
          </reporter-output>
        </test-method> <!-- tearDown -->
        <test-method is-config="true" signature="setUpAndLaunchUrl()[pri:0, instance:com.qa.demoblaze.testcases.DemoBlaze_LogIn_Test@72bc6553]" started-at="2023-10-19T13:55:09 PDT" name="setUpAndLaunchUrl" finished-at="2023-10-19T13:55:11 PDT" duration-ms="1868" status="PASS">
          <reporter-output>
          </reporter-output>
        </test-method> <!-- setUpAndLaunchUrl -->
        <test-method signature="loginWithValidUsernameInvalidPassword()[pri:4, instance:com.qa.demoblaze.testcases.DemoBlaze_LogIn_Test@72bc6553]" started-at="2023-10-19T13:55:11 PDT" name="loginWithValidUsernameInvalidPassword" finished-at="2023-10-19T13:55:13 PDT" duration-ms="2372" status="PASS">
          <reporter-output>
          </reporter-output>
        </test-method> <!-- loginWithValidUsernameInvalidPassword -->
        <test-method is-config="true" signature="tearDown()[pri:0, instance:com.qa.demoblaze.testcases.DemoBlaze_LogIn_Test@72bc6553]" started-at="2023-10-19T13:55:13 PDT" name="tearDown" finished-at="2023-10-19T13:55:13 PDT" duration-ms="118" status="PASS">
          <reporter-output>
          </reporter-output>
        </test-method> <!-- tearDown -->
        <test-method is-config="true" signature="setUpAndLaunchUrl()[pri:0, instance:com.qa.demoblaze.testcases.DemoBlaze_LogIn_Test@72bc6553]" started-at="2023-10-19T13:55:13 PDT" name="setUpAndLaunchUrl" finished-at="2023-10-19T13:55:15 PDT" duration-ms="1764" status="PASS">
          <reporter-output>
          </reporter-output>
        </test-method> <!-- setUpAndLaunchUrl -->
        <test-method signature="loginWithNoCredentials()[pri:5, instance:com.qa.demoblaze.testcases.DemoBlaze_LogIn_Test@72bc6553]" started-at="2023-10-19T13:55:15 PDT" name="loginWithNoCredentials" finished-at="2023-10-19T13:55:17 PDT" duration-ms="2177" status="PASS">
          <reporter-output>
          </reporter-output>
        </test-method> <!-- loginWithNoCredentials -->
        <test-method is-config="true" signature="tearDown()[pri:0, instance:com.qa.demoblaze.testcases.DemoBlaze_LogIn_Test@72bc6553]" started-at="2023-10-19T13:55:17 PDT" name="tearDown" finished-at="2023-10-19T13:55:18 PDT" duration-ms="126" status="PASS">
          <reporter-output>
          </reporter-output>
        </test-method> <!-- tearDown -->
      </class> <!-- com.qa.demoblaze.testcases.DemoBlaze_LogIn_Test -->
    </test> <!-- DemoBlaze Batch Tests -->
  </suite> <!-- DemoBlaze FrameWork Hybrid Tests -->
</testng-results>
