<?xml version="1.0" encoding="UTF-8"?>
<!-- Generated by org.testng.reporters.JUnitXMLReporter -->
<testsuite ignored="0" hostname="LAPTOP-PLNO5R2G" failures="0" tests="14" name="DemoBlaze Batch Tests" time="82.152" errors="0" timestamp="2023-10-19T13:55:35 PDT">
  <testcase classname="com.qa.demoblaze.testcases.DemoBlaze_Landing_Test" name="CurrentUrlAndActualTitle" time="0.069"/>
  <testcase classname="com.qa.demoblaze.testcases.DemoBlaze_Landing_Test" name="PresenceOfProductStoreBanner" time="0.082"/>
  <testcase classname="com.qa.demoblaze.testcases.DemoBlaze_LogIn_Test" name="loginWithValidCredentials" time="6.463"/>
  <testcase classname="com.qa.demoblaze.testcases.DemoBlaze_LogIn_Test" name="loginWithValidCredentials" time="6.415"/>
  <testcase classname="com.qa.demoblaze.testcases.DemoBlaze_LogIn_Test" name="loginWithValidCredentials" time="6.411"/>
  <testcase classname="com.qa.demoblaze.testcases.DemoBlaze_LogIn_Test" name="loginWithValidCredentials" time="6.445"/>
  <testcase classname="com.qa.demoblaze.testcases.DemoBlaze_LogIn_Test" name="loginWithValidCredentials" time="6.385"/>
  <testcase classname="com.qa.demoblaze.testcases.DemoBlaze_LogIn_Test" name="loginWithInvalidCredentials" time="2.433"/>
  <testcase classname="com.qa.demoblaze.testcases.DemoBlaze_LogIn_Test" name="loginWithInvalidUsernameAndValidPasswoord" time="2.352"/>
  <testcase classname="com.qa.demoblaze.testcases.DemoBlaze_LogIn_Test" name="loginWithValidUsernameInvalidPassword" time="2.372"/>
  <testcase classname="com.qa.demoblaze.testcases.DemoBlaze_LogIn_Test" name="loginWithNoCredentials" time="2.177"/>
  <testcase classname="com.qa.demoblaze.testcases.DemoBlaze_LogOut_Test" name="logOutAndBannerDisplay" time="4.229"/>
  <testcase classname="com.qa.demoblaze.testcases.DemoBlaze_Registration_Test" name="successfullRegistration" time="2.27"/>
  <testcase classname="com.qa.demoblaze.testcases.DemoBlaze_Links_Test" name="linkTests" time="0.859"/>
</testsuite> <!-- DemoBlaze Batch Tests -->
